2021-10-05 01:08:58,072 WARN com.zaxxer.hikari.pool.HikariPool$HouseKeeper [HikariPool-1 housekeeper] HikariPool-1 - Thread starvation or clock leap detected (housekeeper delta=8m39s120ms).
2021-10-05 01:30:51,327 WARN com.zaxxer.hikari.pool.HikariPool$HouseKeeper [HikariPool-1 housekeeper] HikariPool-1 - Thread starvation or clock leap detected (housekeeper delta=21m23s241ms).
2021-10-05 01:45:46,186 WARN com.zaxxer.hikari.pool.HikariPool$HouseKeeper [HikariPool-1 housekeeper] HikariPool-1 - Thread starvation or clock leap detected (housekeeper delta=14m24s855ms).
2021-10-05 02:48:25,933 WARN com.zaxxer.hikari.pool.HikariPool$HouseKeeper [HikariPool-1 housekeeper] HikariPool-1 - Thread starvation or clock leap detected (housekeeper delta=1h1m39s738ms).
2021-10-05 04:27:01,095 WARN com.zaxxer.hikari.pool.HikariPool$HouseKeeper [HikariPool-1 housekeeper] HikariPool-1 - Thread starvation or clock leap detected (housekeeper delta=1h38m35s163ms).
2021-10-05 06:15:25,379 WARN com.zaxxer.hikari.pool.HikariPool$HouseKeeper [HikariPool-1 housekeeper] HikariPool-1 - Thread starvation or clock leap detected (housekeeper delta=1h47m24s269ms).
2021-10-05 08:03:10,878 WARN com.zaxxer.hikari.pool.HikariPool$HouseKeeper [HikariPool-1 housekeeper] HikariPool-1 - Thread starvation or clock leap detected (housekeeper delta=1h47m45s500ms).
2021-10-05 09:28:56,065 WARN com.zaxxer.hikari.pool.HikariPool$HouseKeeper [HikariPool-1 housekeeper] HikariPool-1 - Thread starvation or clock leap detected (housekeeper delta=1h25m15s298ms).
2021-10-05 09:44:08,492 WARN com.zaxxer.hikari.pool.HikariPool$HouseKeeper [HikariPool-1 housekeeper] HikariPool-1 - Thread starvation or clock leap detected (housekeeper delta=15m12s337ms).
2021-10-05 09:53:47,745 INFO org.springframework.orm.jpa.AbstractEntityManagerFactoryBean [SpringApplicationShutdownHook] Closing JPA EntityManagerFactory for persistence unit 'default'
2021-10-05 09:53:47,765 INFO com.zaxxer.hikari.HikariDataSource [SpringApplicationShutdownHook] HikariPool-1 - Shutdown initiated...
2021-10-05 09:53:47,772 INFO com.zaxxer.hikari.HikariDataSource [SpringApplicationShutdownHook] HikariPool-1 - Shutdown completed.
2021-10-05 10:15:20,694 INFO org.springframework.boot.StartupInfoLogger [main] Starting StudentServicesApplication using Java 1.8.0_261 on Bharats-MacBook-Pro.local with PID 7744 (/Users/bharatkammakatla/TestAutomation/black-one-project/student-services/target/classes started by bharatkammakatla in /Users/bharatkammakatla/TestAutomation/black-one-project/student-services)
2021-10-05 10:15:20,696 INFO org.springframework.boot.SpringApplication [main] No active profile set, falling back to default profiles: default
2021-10-05 10:15:21,502 INFO org.springframework.data.repository.config.RepositoryConfigurationDelegate [main] Bootstrapping Spring Data JPA repositories in DEFAULT mode.
2021-10-05 10:15:21,564 INFO org.springframework.data.repository.config.RepositoryConfigurationDelegate [main] Finished Spring Data repository scanning in 50 ms. Found 1 JPA repository interfaces.
2021-10-05 10:15:22,237 INFO org.springframework.boot.web.embedded.tomcat.TomcatWebServer [main] Tomcat initialized with port(s): 9191 (http)
2021-10-05 10:15:22,251 INFO org.apache.juli.logging.DirectJDKLog [main] Initializing ProtocolHandler ["http-nio-9191"]
2021-10-05 10:15:22,252 INFO org.apache.juli.logging.DirectJDKLog [main] Starting service [Tomcat]
2021-10-05 10:15:22,252 INFO org.apache.juli.logging.DirectJDKLog [main] Starting Servlet engine: [Apache Tomcat/9.0.52]
2021-10-05 10:15:22,347 INFO org.apache.juli.logging.DirectJDKLog [main] Initializing Spring embedded WebApplicationContext
2021-10-05 10:15:22,347 INFO org.springframework.boot.web.servlet.context.ServletWebServerApplicationContext [main] Root WebApplicationContext: initialization completed in 1593 ms
2021-10-05 10:15:22,587 INFO org.hibernate.jpa.internal.util.LogHelper [main] HHH000204: Processing PersistenceUnitInfo [name: default]
2021-10-05 10:15:22,668 INFO org.hibernate.Version [main] HHH000412: Hibernate ORM core version 5.4.32.Final
2021-10-05 10:15:22,909 INFO org.hibernate.annotations.common.reflection.java.JavaReflectionManager [main] HCANN000001: Hibernate Commons Annotations {5.1.2.Final}
2021-10-05 10:15:23,039 INFO com.zaxxer.hikari.HikariDataSource [main] HikariPool-1 - Starting...
2021-10-05 10:15:23,236 INFO com.zaxxer.hikari.HikariDataSource [main] HikariPool-1 - Start completed.
2021-10-05 10:15:23,264 INFO org.hibernate.dialect.Dialect [main] HHH000400: Using dialect: org.hibernate.dialect.MySQL5Dialect
2021-10-05 10:15:24,106 INFO org.hibernate.engine.transaction.jta.platform.internal.JtaPlatformInitiator [main] HHH000490: Using JtaPlatform implementation: [org.hibernate.engine.transaction.jta.platform.internal.NoJtaPlatform]
2021-10-05 10:15:24,119 INFO org.springframework.orm.jpa.AbstractEntityManagerFactoryBean [main] Initialized JPA EntityManagerFactory for persistence unit 'default'
2021-10-05 10:15:24,589 WARN org.springframework.boot.autoconfigure.orm.jpa.JpaBaseConfiguration$JpaWebConfiguration [main] spring.jpa.open-in-view is enabled by default. Therefore, database queries may be performed during view rendering. Explicitly configure spring.jpa.open-in-view to disable this warning
2021-10-05 10:15:24,984 INFO org.apache.juli.logging.DirectJDKLog [main] Starting ProtocolHandler ["http-nio-9191"]
2021-10-05 10:15:25,016 INFO org.springframework.boot.web.embedded.tomcat.TomcatWebServer [main] Tomcat started on port(s): 9191 (http) with context path ''
2021-10-05 10:15:25,027 INFO org.springframework.boot.StartupInfoLogger [main] Started StudentServicesApplication in 5.209 seconds (JVM running for 5.753)
2021-10-05 10:15:37,132 INFO org.apache.juli.logging.DirectJDKLog [http-nio-9191-exec-2] Initializing Spring DispatcherServlet 'dispatcherServlet'
2021-10-05 10:15:37,133 INFO org.springframework.web.servlet.FrameworkServlet [http-nio-9191-exec-2] Initializing Servlet 'dispatcherServlet'
2021-10-05 10:15:37,135 INFO org.springframework.web.servlet.FrameworkServlet [http-nio-9191-exec-2] Completed initialization in 2 ms
2021-10-05 10:16:15,481 INFO org.springframework.orm.jpa.AbstractEntityManagerFactoryBean [SpringApplicationShutdownHook] Closing JPA EntityManagerFactory for persistence unit 'default'
2021-10-05 10:16:15,484 INFO com.zaxxer.hikari.HikariDataSource [SpringApplicationShutdownHook] HikariPool-1 - Shutdown initiated...
2021-10-05 10:16:15,493 INFO com.zaxxer.hikari.HikariDataSource [SpringApplicationShutdownHook] HikariPool-1 - Shutdown completed.
